==> Building Gopher API image (linux/arm64)
#0 building with "default" instance using docker driver

#1 [internal] load build definition from Dockerfile
#1 transferring dockerfile: 839B done
#1 DONE 0.0s

#2 [internal] load metadata for docker.io/oven/bun:1.3.10-alpine
#2 DONE 0.5s

#3 [internal] load .dockerignore
#3 transferring context: 307B done
#3 DONE 0.0s

#4 [internal] load build context
#4 transferring context: 11.04kB 0.0s done
#4 DONE 0.0s

#5 [deps 1/4] FROM docker.io/oven/bun:1.3.10-alpine@sha256:32f1fcccb1523960b254c4f80973bee1a910d60be000a45c20c9129a1efcffee
#5 resolve docker.io/oven/bun:1.3.10-alpine@sha256:32f1fcccb1523960b254c4f80973bee1a910d60be000a45c20c9129a1efcffee 0.0s done
#5 DONE 0.0s

#6 [runtime 3/4] COPY --from=deps /app/node_modules ./node_modules
#6 CACHED

#7 [deps 3/4] COPY package.json bun.lock ./
#7 CACHED

#8 [deps 4/4] RUN bun install --frozen-lockfile --production
#8 CACHED

#9 [deps 2/4] WORKDIR /app
#9 CACHED

#10 [runtime 4/4] COPY . .
#10 CACHED

#11 exporting to image
#11 exporting layers done
#11 exporting manifest sha256:09704ac441fce9024f0bb7e78cd4f29ed7ad31753075bdf945fd1d5a088469dc done
#11 exporting config sha256:dea2a5f3b23f3cbe392484ae8f638f5b9880e88f50f00096b8e26199f0d40f23 done
#11 exporting attestation manifest sha256:9583dc53081b80a746b444f10b91ef6acf76465bb1199786b40f4964646de4d9 0.0s done
#11 exporting manifest list sha256:421c0cdb8c67972c0e637a3d8a3a97603986a88d47799381a4c7db9ad95501c3 done
#11 naming to docker.io/library/gopher-api:latest done
#11 unpacking to docker.io/library/gopher-api:latest done
#11 DONE 0.1s
==> Building Flutter web bundle (API_BASE_URL=http://gopher.local)
Resolving dependencies...
Downloading packages...
  flutter_secure_storage_darwin 0.3.2 (0.4.0 available)
  matcher 0.12.19 (0.12.20 available)
  meta 1.18.0 (1.18.3 available)
  package_config 2.2.0 (3.0.0 available)
  test_api 0.7.11 (0.7.13 available)
  vector_math 2.2.0 (2.4.0 available)
Got dependencies!
6 packages have newer versions incompatible with dependency constraints.
Try `flutter pub outdated` for more information.
Compiling lib/main.dart for the Web...                          
Wasm dry run succeeded. Consider building and testing your application with the `--wasm` flag. See docs for more info: https://docs.flutter.dev/platform-integration/web/wasm
Use --no-wasm-dry-run to disable these warnings.
Compiling lib/main.dart for the Web...                             50.7s
✓ Built build/web
==> Building Gopher web image (linux/arm64)
#0 building with "default" instance using docker driver

#1 [internal] load build definition from web.Dockerfile
#1 transferring dockerfile: 550B done
#1 DONE 0.0s

#2 [internal] load metadata for docker.io/library/nginx:alpine
#2 DONE 0.0s

#3 [internal] load .dockerignore
#3 transferring context: 2B done
#3 DONE 0.0s

#4 [1/4] FROM docker.io/library/nginx:alpine@sha256:54f2a904c251d5a34adf545a72d32515a15e08418dae0266e23be2e18c66fefa
#4 resolve docker.io/library/nginx:alpine@sha256:54f2a904c251d5a34adf545a72d32515a15e08418dae0266e23be2e18c66fefa 0.0s done
#4 DONE 0.0s

#5 [internal] load build context
#5 transferring context: 43.47MB 0.4s done
#5 DONE 0.4s

#6 [2/4] RUN apk add --no-cache curl
#6 CACHED

#7 [3/4] COPY nginx.conf /etc/nginx/conf.d/default.conf
#7 DONE 0.1s

#8 [4/4] COPY web /usr/share/nginx/html
#8 DONE 0.2s

#9 exporting to image
#9 exporting layers
#9 exporting layers 2.0s done
#9 exporting manifest sha256:d6152c03856ab10b9c0ec3f9d711393041d7393a226f834da6414ac12eb9a910 done
#9 exporting config sha256:cc62ee1c0d82986950d20135d980e58d2155cce09f846d3a4b145dbee3a09a8a done
#9 exporting attestation manifest sha256:a6bf2cd335cf10310ba74eada424848b7e10577082c696fc8efde9ef717f80d5 0.0s done
#9 exporting manifest list sha256:35ed0a13e23b914a9769074c934c078a149482fb69692ddca8fa5cf5e6017db1 done
#9 naming to docker.io/library/gopher-web:latest done
#9 unpacking to docker.io/library/gopher-web:latest
#9 unpacking to docker.io/library/gopher-web:latest 0.2s done
#9 DONE 2.2s
==> Saving images to tarballs
==> Transferring to server.local
==> Loading images on server.local
Loaded image: gopher-api:latest
Loaded image: gopher-web:latest
==> Verifying shared macvlan network 'everyapp_macvlan' on server.local
==> Starting Gopher stack on server.local
 Container gopher_redis Running 
 Container gopher_db Running 
 Container gopher_api Recreate 
 Container gopher_api Recreated 
 Container gopher_web Recreate 
 Container gopher_web Recreated 
 Container gopher_db Waiting 
 Container gopher_redis Waiting 
 Container gopher_db Healthy 
 Container gopher_redis Healthy 
 Container gopher_api Starting 
 Container gopher_api Started 
 Container gopher_web Starting 
 Container gopher_web Started 
NAME           IMAGE               COMMAND                  SERVICE        CREATED          STATUS                                     PORTS
gopher_api     gopher-api:latest   "/usr/local/bin/dock…"   gopher_api     12 seconds ago   Up Less than a second (health: starting)   3000/tcp
gopher_db      postgres:18         "docker-entrypoint.s…"   gopher_db      36 hours ago     Up 36 hours (healthy)                      5432/tcp
gopher_redis   redis:7-alpine      "docker-entrypoint.s…"   gopher_redis   36 hours ago     Up 36 hours (healthy)                      6379/tcp
gopher_web     gopher-web:latest   "/docker-entrypoint.…"   gopher_web     1 second ago     Up Less than a second (health: starting)   80/tcp
==> Applying migrations + seeds (waiting for the API container)
[migrate] applied migrations from /app/src/db/migrations
[seed] roles & permissions
[seed] measurement types
[seed] done.

==> Deployment complete.
    Web:  http://gopher.local/                     (192.168.50.53)
    API:  http://gopher-api.local:3000/health      (192.168.50.54)
    via nginx (same-origin): http://gopher.local/api/v1  &  /health
